Analysis & Synthesis report for Lab4
Wed Feb 19 16:15:58 2020
Quartus Prime Version 18.1.0 Build 625 09/12/2018 SJ Lite Edition


---------------------
; Table of Contents ;
---------------------
  1. Legal Notice
  2. Analysis & Synthesis Summary
  3. Analysis & Synthesis Settings
  4. Parallel Compilation
  5. Analysis & Synthesis Source Files Read
  6. Analysis & Synthesis Resource Usage Summary
  7. Analysis & Synthesis Resource Utilization by Entity
  8. State Machine - |top_level|quiz4:U_QUIZ|state
  9. State Machine - |top_level|gray2:U_GRAY|state
 10. General Register Statistics
 11. Parameter Settings for User Entity Instance: clk_gen:U_CLK_GEN
 12. Parameter Settings for User Entity Instance: clk_gen:U_CLK_GEN|clk_div:DIV1
 13. Parameter Settings for User Entity Instance: clk_gen:U_CLK_GEN|partOneCounter:COUNT1
 14. Port Connectivity Checks: "decoder7seg:U_LED0"
 15. Port Connectivity Checks: "decoder7seg:U_LED1"
 16. Port Connectivity Checks: "decoder7seg:U_LED2"
 17. Post-Synthesis Netlist Statistics for Top Partition
 18. Elapsed Time Per Partition
 19. Analysis & Synthesis Messages



----------------
; Legal Notice ;
----------------
Copyright (C) 2018  Intel Corporation. All rights reserved.
Your use of Intel Corporation's design tools, logic functions 
and other software and tools, and its AMPP partner logic 
functions, and any output files from any of the foregoing 
(including device programming or simulation files), and any 
associated documentation or information are expressly subject 
to the terms and conditions of the Intel Program License 
Subscription Agreement, the Intel Quartus Prime License Agreement,
the Intel FPGA IP License Agreement, or other applicable license
agreement, including, without limitation, that your use is for
the sole purpose of programming logic devices manufactured by
Intel and sold by Intel or its authorized distributors.  Please
refer to the applicable agreement for further details.



+----------------------------------------------------------------------------------+
; Analysis & Synthesis Summary                                                     ;
+------------------------------------+---------------------------------------------+
; Analysis & Synthesis Status        ; Successful - Wed Feb 19 16:15:58 2020       ;
; Quartus Prime Version              ; 18.1.0 Build 625 09/12/2018 SJ Lite Edition ;
; Revision Name                      ; Lab4                                        ;
; Top-level Entity Name              ; top_level                                   ;
; Family                             ; MAX 10                                      ;
; Total logic elements               ; 187                                         ;
;     Total combinational functions  ; 165                                         ;
;     Dedicated logic registers      ; 96                                          ;
; Total registers                    ; 96                                          ;
; Total pins                         ; 62                                          ;
; Total virtual pins                 ; 0                                           ;
; Total memory bits                  ; 0                                           ;
; Embedded Multiplier 9-bit elements ; 0                                           ;
; Total PLLs                         ; 0                                           ;
; UFM blocks                         ; 0                                           ;
; ADC blocks                         ; 0                                           ;
+------------------------------------+---------------------------------------------+


+------------------------------------------------------------------------------------------------------------+
; Analysis & Synthesis Settings                                                                              ;
+------------------------------------------------------------------+--------------------+--------------------+
; Option                                                           ; Setting            ; Default Value      ;
+------------------------------------------------------------------+--------------------+--------------------+
; Device                                                           ; 10M50DAF484C7G     ;                    ;
; Top-level entity name                                            ; top_level          ; Lab4               ;
; Family name                                                      ; MAX 10             ; Cyclone V          ;
; Use smart compilation                                            ; Off                ; Off                ;
; Enable parallel Assembler and Timing Analyzer during compilation ; On                 ; On                 ;
; Enable compact report table                                      ; Off                ; Off                ;
; Restructure Multiplexers                                         ; Auto               ; Auto               ;
; Create Debugging Nodes for IP Cores                              ; Off                ; Off                ;
; Preserve fewer node names                                        ; On                 ; On                 ;
; Intel FPGA IP Evaluation Mode                                    ; Enable             ; Enable             ;
; Verilog Version                                                  ; Verilog_2001       ; Verilog_2001       ;
; VHDL Version                                                     ; VHDL_1993          ; VHDL_1993          ;
; State Machine Processing                                         ; Auto               ; Auto               ;
; Safe State Machine                                               ; Off                ; Off                ;
; Extract Verilog State Machines                                   ; On                 ; On                 ;
; Extract VHDL State Machines                                      ; On                 ; On                 ;
; Ignore Verilog initial constructs                                ; Off                ; Off                ;
; Iteration limit for constant Verilog loops                       ; 5000               ; 5000               ;
; Iteration limit for non-constant Verilog loops                   ; 250                ; 250                ;
; Add Pass-Through Logic to Inferred RAMs                          ; On                 ; On                 ;
; Infer RAMs from Raw Logic                                        ; On                 ; On                 ;
; Parallel Synthesis                                               ; On                 ; On                 ;
; DSP Block Balancing                                              ; Auto               ; Auto               ;
; NOT Gate Push-Back                                               ; On                 ; On                 ;
; Power-Up Don't Care                                              ; On                 ; On                 ;
; Remove Redundant Logic Cells                                     ; Off                ; Off                ;
; Remove Duplicate Registers                                       ; On                 ; On                 ;
; Ignore CARRY Buffers                                             ; Off                ; Off                ;
; Ignore CASCADE Buffers                                           ; Off                ; Off                ;
; Ignore GLOBAL Buffers                                            ; Off                ; Off                ;
; Ignore ROW GLOBAL Buffers                                        ; Off                ; Off                ;
; Ignore LCELL Buffers                                             ; Off                ; Off                ;
; Ignore SOFT Buffers                                              ; On                 ; On                 ;
; Limit AHDL Integers to 32 Bits                                   ; Off                ; Off                ;
; Optimization Technique                                           ; Balanced           ; Balanced           ;
; Carry Chain Length                                               ; 70                 ; 70                 ;
; Auto Carry Chains                                                ; On                 ; On                 ;
; Auto Open-Drain Pins                                             ; On                 ; On                 ;
; Perform WYSIWYG Primitive Resynthesis                            ; Off                ; Off                ;
; Auto ROM Replacement                                             ; On                 ; On                 ;
; Auto RAM Replacement                                             ; On                 ; On                 ;
; Auto DSP Block Replacement                                       ; On                 ; On                 ;
; Auto Shift Register Replacement                                  ; Auto               ; Auto               ;
; Allow Shift Register Merging across Hierarchies                  ; Auto               ; Auto               ;
; Auto Clock Enable Replacement                                    ; On                 ; On                 ;
; Strict RAM Replacement                                           ; Off                ; Off                ;
; Allow Synchronous Control Signals                                ; On                 ; On                 ;
; Force Use of Synchronous Clear Signals                           ; Off                ; Off                ;
; Auto RAM Block Balancing                                         ; On                 ; On                 ;
; Auto RAM to Logic Cell Conversion                                ; Off                ; Off                ;
; Auto Resource Sharing                                            ; Off                ; Off                ;
; Allow Any RAM Size For Recognition                               ; Off                ; Off                ;
; Allow Any ROM Size For Recognition                               ; Off                ; Off                ;
; Allow Any Shift Register Size For Recognition                    ; Off                ; Off                ;
; Use LogicLock Constraints during Resource Balancing              ; On                 ; On                 ;
; Ignore translate_off and synthesis_off directives                ; Off                ; Off                ;
; Timing-Driven Synthesis                                          ; On                 ; On                 ;
; Report Parameter Settings                                        ; On                 ; On                 ;
; Report Source Assignments                                        ; On                 ; On                 ;
; Report Connectivity Checks                                       ; On                 ; On                 ;
; Ignore Maximum Fan-Out Assignments                               ; Off                ; Off                ;
; Synchronization Register Chain Length                            ; 2                  ; 2                  ;
; Power Optimization During Synthesis                              ; Normal compilation ; Normal compilation ;
; HDL message level                                                ; Level2             ; Level2             ;
; Suppress Register Optimization Related Messages                  ; Off                ; Off                ;
; Number of Removed Registers Reported in Synthesis Report         ; 5000               ; 5000               ;
; Number of Swept Nodes Reported in Synthesis Report               ; 5000               ; 5000               ;
; Number of Inverted Registers Reported in Synthesis Report        ; 100                ; 100                ;
; Clock MUX Protection                                             ; On                 ; On                 ;
; Auto Gated Clock Conversion                                      ; Off                ; Off                ;
; Block Design Naming                                              ; Auto               ; Auto               ;
; SDC constraint protection                                        ; Off                ; Off                ;
; Synthesis Effort                                                 ; Auto               ; Auto               ;
; Shift Register Replacement - Allow Asynchronous Clear Signal     ; On                 ; On                 ;
; Pre-Mapping Resynthesis Optimization                             ; Off                ; Off                ;
; Analysis & Synthesis Message Level                               ; Medium             ; Medium             ;
; Disable Register Merging Across Hierarchies                      ; Auto               ; Auto               ;
; Resource Aware Inference For Block RAM                           ; On                 ; On                 ;
+------------------------------------------------------------------+--------------------+--------------------+


+------------------------------------------+
; Parallel Compilation                     ;
+----------------------------+-------------+
; Processors                 ; Number      ;
+----------------------------+-------------+
; Number detected on machine ; 4           ;
; Maximum allowed            ; 2           ;
;                            ;             ;
; Average used               ; 1.00        ;
; Maximum used               ; 2           ;
;                            ;             ;
; Usage by Processor         ; % Time Used ;
;     Processor 1            ; 100.0%      ;
;     Processor 2            ;   0.0%      ;
+----------------------------+-------------+


+----------------------------------------------------------------------------------------------------------------------------------------------------------------+
; Analysis & Synthesis Source Files Read                                                                                                                         ;
+----------------------------------+-----------------+-----------------+-------------------------------------------------------------------------------+---------+
; File Name with User-Entered Path ; Used in Netlist ; File Type       ; File Name with Absolute Path                                                  ; Library ;
+----------------------------------+-----------------+-----------------+-------------------------------------------------------------------------------+---------+
; top_level.vhd                    ; yes             ; User VHDL File  ; C:/Users/Koby/Desktop/School/Spring2020/DigitalDesign/Lab4/top_level.vhd      ;         ;
; partOneCounter.vhd               ; yes             ; User VHDL File  ; C:/Users/Koby/Desktop/School/Spring2020/DigitalDesign/Lab4/partOneCounter.vhd ;         ;
; gray2.vhd                        ; yes             ; User VHDL File  ; C:/Users/Koby/Desktop/School/Spring2020/DigitalDesign/Lab4/gray2.vhd          ;         ;
; decoder7seg.vhd                  ; yes             ; User VHDL File  ; C:/Users/Koby/Desktop/School/Spring2020/DigitalDesign/Lab4/decoder7seg.vhd    ;         ;
; counter.vhd                      ; yes             ; User VHDL File  ; C:/Users/Koby/Desktop/School/Spring2020/DigitalDesign/Lab4/counter.vhd        ;         ;
; clk_gen.vhd                      ; yes             ; User VHDL File  ; C:/Users/Koby/Desktop/School/Spring2020/DigitalDesign/Lab4/clk_gen.vhd        ;         ;
; clk_div.vhd                      ; yes             ; User VHDL File  ; C:/Users/Koby/Desktop/School/Spring2020/DigitalDesign/Lab4/clk_div.vhd        ;         ;
; quiz4.vhd                        ; yes             ; User VHDL File  ; C:/Users/Koby/Desktop/School/Spring2020/DigitalDesign/Lab4/quiz4.vhd          ;         ;
+----------------------------------+-----------------+-----------------+-------------------------------------------------------------------------------+---------+


+---------------------------------------------------------+
; Analysis & Synthesis Resource Usage Summary             ;
+---------------------------------------------+-----------+
; Resource                                    ; Usage     ;
+---------------------------------------------+-----------+
; Estimated Total logic elements              ; 187       ;
;                                             ;           ;
; Total combinational functions               ; 165       ;
; Logic element usage by number of LUT inputs ;           ;
;     -- 4 input functions                    ; 62        ;
;     -- 3 input functions                    ; 12        ;
;     -- <=2 input functions                  ; 91        ;
;                                             ;           ;
; Logic elements by mode                      ;           ;
;     -- normal mode                          ; 100       ;
;     -- arithmetic mode                      ; 65        ;
;                                             ;           ;
; Total registers                             ; 96        ;
;     -- Dedicated logic registers            ; 96        ;
;     -- I/O registers                        ; 0         ;
;                                             ;           ;
; I/O pins                                    ; 62        ;
;                                             ;           ;
; Embedded Multiplier 9-bit elements          ; 0         ;
;                                             ;           ;
; Maximum fan-out node                        ; rst~input ;
; Maximum fan-out                             ; 69        ;
; Total fan-out                               ; 831       ;
; Average fan-out                             ; 2.16      ;
+---------------------------------------------+-----------+


+-------------------------------------------------------------------------------------------------------------------------------------------------------------------------------------------------------------------------------------------------------------------------+
; Analysis & Synthesis Resource Utilization by Entity                                                                                                                                                                                                                     ;
+-------------------------------+---------------------+---------------------------+-------------+------------+--------------+---------+-----------+------+--------------+------------+----------------------------------------------------+----------------+--------------+
; Compilation Hierarchy Node    ; Combinational ALUTs ; Dedicated Logic Registers ; Memory Bits ; UFM Blocks ; DSP Elements ; DSP 9x9 ; DSP 18x18 ; Pins ; Virtual Pins ; ADC blocks ; Full Hierarchy Name                                ; Entity Name    ; Library Name ;
+-------------------------------+---------------------+---------------------------+-------------+------------+--------------+---------+-----------+------+--------------+------------+----------------------------------------------------+----------------+--------------+
; |top_level                    ; 165 (0)             ; 96 (0)                    ; 0           ; 0          ; 0            ; 0       ; 0         ; 62   ; 0            ; 0          ; |top_level                                         ; top_level      ; work         ;
;    |clk_gen:U_CLK_GEN|        ; 101 (0)             ; 66 (0)                    ; 0           ; 0          ; 0            ; 0       ; 0         ; 0    ; 0            ; 0          ; |top_level|clk_gen:U_CLK_GEN                       ; clk_gen        ; work         ;
;       |clk_div:DIV1|          ; 50 (50)             ; 33 (33)                   ; 0           ; 0          ; 0            ; 0       ; 0         ; 0    ; 0            ; 0          ; |top_level|clk_gen:U_CLK_GEN|clk_div:DIV1          ; clk_div        ; work         ;
;       |partOneCounter:COUNT1| ; 51 (51)             ; 33 (33)                   ; 0           ; 0          ; 0            ; 0       ; 0         ; 0    ; 0            ; 0          ; |top_level|clk_gen:U_CLK_GEN|partOneCounter:COUNT1 ; partOneCounter ; work         ;
;    |counter:U_COUNTER|        ; 24 (24)             ; 4 (4)                     ; 0           ; 0          ; 0            ; 0       ; 0         ; 0    ; 0            ; 0          ; |top_level|counter:U_COUNTER                       ; counter        ; work         ;
;    |decoder7seg:U_LED3|       ; 7 (7)               ; 0 (0)                     ; 0           ; 0          ; 0            ; 0       ; 0         ; 0    ; 0            ; 0          ; |top_level|decoder7seg:U_LED3                      ; decoder7seg    ; work         ;
;    |decoder7seg:U_LED4|       ; 7 (7)               ; 0 (0)                     ; 0           ; 0          ; 0            ; 0       ; 0         ; 0    ; 0            ; 0          ; |top_level|decoder7seg:U_LED4                      ; decoder7seg    ; work         ;
;    |decoder7seg:U_LED5|       ; 7 (7)               ; 0 (0)                     ; 0           ; 0          ; 0            ; 0       ; 0         ; 0    ; 0            ; 0          ; |top_level|decoder7seg:U_LED5                      ; decoder7seg    ; work         ;
;    |gray2:U_GRAY|             ; 12 (12)             ; 16 (16)                   ; 0           ; 0          ; 0            ; 0       ; 0         ; 0    ; 0            ; 0          ; |top_level|gray2:U_GRAY                            ; gray2          ; work         ;
;    |quiz4:U_QUIZ|             ; 7 (7)               ; 10 (10)                   ; 0           ; 0          ; 0            ; 0       ; 0         ; 0    ; 0            ; 0          ; |top_level|quiz4:U_QUIZ                            ; quiz4          ; work         ;
+-------------------------------+---------------------+---------------------------+-------------+------------+--------------+---------+-----------+------+--------------+------------+----------------------------------------------------+----------------+--------------+
Note: For table entries with two numbers listed, the numbers in parentheses indicate the number of resources of the given type used by the specific entity alone. The numbers listed outside of parentheses indicate the total resources of the given type used by the specific entity and all of its sub-entities in the hierarchy.


Encoding Type:  One-Hot
+------------------------------------------------------------------------------------------------------------------------+
; State Machine - |top_level|quiz4:U_QUIZ|state                                                                          ;
+----------+----------+----------+----------+----------+----------+----------+----------+----------+----------+----------+
; Name     ; state.S9 ; state.S8 ; state.S7 ; state.S6 ; state.S5 ; state.S4 ; state.S3 ; state.S2 ; state.S1 ; state.S0 ;
+----------+----------+----------+----------+----------+----------+----------+----------+----------+----------+----------+
; state.S0 ; 0        ; 0        ; 0        ; 0        ; 0        ; 0        ; 0        ; 0        ; 0        ; 0        ;
; state.S1 ; 0        ; 0        ; 0        ; 0        ; 0        ; 0        ; 0        ; 0        ; 1        ; 1        ;
; state.S2 ; 0        ; 0        ; 0        ; 0        ; 0        ; 0        ; 0        ; 1        ; 0        ; 1        ;
; state.S3 ; 0        ; 0        ; 0        ; 0        ; 0        ; 0        ; 1        ; 0        ; 0        ; 1        ;
; state.S4 ; 0        ; 0        ; 0        ; 0        ; 0        ; 1        ; 0        ; 0        ; 0        ; 1        ;
; state.S5 ; 0        ; 0        ; 0        ; 0        ; 1        ; 0        ; 0        ; 0        ; 0        ; 1        ;
; state.S6 ; 0        ; 0        ; 0        ; 1        ; 0        ; 0        ; 0        ; 0        ; 0        ; 1        ;
; state.S7 ; 0        ; 0        ; 1        ; 0        ; 0        ; 0        ; 0        ; 0        ; 0        ; 1        ;
; state.S8 ; 0        ; 1        ; 0        ; 0        ; 0        ; 0        ; 0        ; 0        ; 0        ; 1        ;
; state.S9 ; 1        ; 0        ; 0        ; 0        ; 0        ; 0        ; 0        ; 0        ; 0        ; 1        ;
+----------+----------+----------+----------+----------+----------+----------+----------+----------+----------+----------+


Encoding Type:  One-Hot
+-------------------------------------------------------------------------------------------------------------------------------------------------------------------------------------------------+
; State Machine - |top_level|gray2:U_GRAY|state                                                                                                                                                   ;
+-----------+-----------+-----------+-----------+-----------+-----------+-----------+----------+----------+----------+----------+----------+----------+----------+----------+----------+----------+
; Name      ; state.S15 ; state.S14 ; state.S13 ; state.S12 ; state.S11 ; state.S10 ; state.S9 ; state.S8 ; state.S7 ; state.S6 ; state.S5 ; state.S4 ; state.S3 ; state.S2 ; state.S1 ; state.S0 ;
+-----------+-----------+-----------+-----------+-----------+-----------+-----------+----------+----------+----------+----------+----------+----------+----------+----------+----------+----------+
; state.S0  ; 0         ; 0         ; 0         ; 0         ; 0         ; 0         ; 0        ; 0        ; 0        ; 0        ; 0        ; 0        ; 0        ; 0        ; 0        ; 0        ;
; state.S1  ; 0         ; 0         ; 0         ; 0         ; 0         ; 0         ; 0        ; 0        ; 0        ; 0        ; 0        ; 0        ; 0        ; 0        ; 1        ; 1        ;
; state.S2  ; 0         ; 0         ; 0         ; 0         ; 0         ; 0         ; 0        ; 0        ; 0        ; 0        ; 0        ; 0        ; 0        ; 1        ; 0        ; 1        ;
; state.S3  ; 0         ; 0         ; 0         ; 0         ; 0         ; 0         ; 0        ; 0        ; 0        ; 0        ; 0        ; 0        ; 1        ; 0        ; 0        ; 1        ;
; state.S4  ; 0         ; 0         ; 0         ; 0         ; 0         ; 0         ; 0        ; 0        ; 0        ; 0        ; 0        ; 1        ; 0        ; 0        ; 0        ; 1        ;
; state.S5  ; 0         ; 0         ; 0         ; 0         ; 0         ; 0         ; 0        ; 0        ; 0        ; 0        ; 1        ; 0        ; 0        ; 0        ; 0        ; 1        ;
; state.S6  ; 0         ; 0         ; 0         ; 0         ; 0         ; 0         ; 0        ; 0        ; 0        ; 1        ; 0        ; 0        ; 0        ; 0        ; 0        ; 1        ;
; state.S7  ; 0         ; 0         ; 0         ; 0         ; 0         ; 0         ; 0        ; 0        ; 1        ; 0        ; 0        ; 0        ; 0        ; 0        ; 0        ; 1        ;
; state.S8  ; 0         ; 0         ; 0         ; 0         ; 0         ; 0         ; 0        ; 1        ; 0        ; 0        ; 0        ; 0        ; 0        ; 0        ; 0        ; 1        ;
; state.S9  ; 0         ; 0         ; 0         ; 0         ; 0         ; 0         ; 1        ; 0        ; 0        ; 0        ; 0        ; 0        ; 0        ; 0        ; 0        ; 1        ;
; state.S10 ; 0         ; 0         ; 0         ; 0         ; 0         ; 1         ; 0        ; 0        ; 0        ; 0        ; 0        ; 0        ; 0        ; 0        ; 0        ; 1        ;
; state.S11 ; 0         ; 0         ; 0         ; 0         ; 1         ; 0         ; 0        ; 0        ; 0        ; 0        ; 0        ; 0        ; 0        ; 0        ; 0        ; 1        ;
; state.S12 ; 0         ; 0         ; 0         ; 1         ; 0         ; 0         ; 0        ; 0        ; 0        ; 0        ; 0        ; 0        ; 0        ; 0        ; 0        ; 1        ;
; state.S13 ; 0         ; 0         ; 1         ; 0         ; 0         ; 0         ; 0        ; 0        ; 0        ; 0        ; 0        ; 0        ; 0        ; 0        ; 0        ; 1        ;
; state.S14 ; 0         ; 1         ; 0         ; 0         ; 0         ; 0         ; 0        ; 0        ; 0        ; 0        ; 0        ; 0        ; 0        ; 0        ; 0        ; 1        ;
; state.S15 ; 1         ; 0         ; 0         ; 0         ; 0         ; 0         ; 0        ; 0        ; 0        ; 0        ; 0        ; 0        ; 0        ; 0        ; 0        ; 1        ;
+-----------+-----------+-----------+-----------+-----------+-----------+-----------+----------+----------+----------+----------+----------+----------+----------+----------+----------+----------+


+------------------------------------------------------+
; General Register Statistics                          ;
+----------------------------------------------+-------+
; Statistic                                    ; Value ;
+----------------------------------------------+-------+
; Total registers                              ; 96    ;
; Number of registers using Synchronous Clear  ; 0     ;
; Number of registers using Synchronous Load   ; 0     ;
; Number of registers using Asynchronous Clear ; 96    ;
; Number of registers using Asynchronous Load  ; 0     ;
; Number of registers using Clock Enable       ; 0     ;
; Number of registers using Preset             ; 0     ;
+----------------------------------------------+-------+


+----------------------------------------------------------------+
; Parameter Settings for User Entity Instance: clk_gen:U_CLK_GEN ;
+----------------+-------+---------------------------------------+
; Parameter Name ; Value ; Type                                  ;
+----------------+-------+---------------------------------------+
; ms_period      ; 1000  ; Signed Integer                        ;
+----------------+-------+---------------------------------------+
Note: In order to hide this table in the UI and the text report file, please set the "Show Parameter Settings in Synthesis Report" option in "Analysis and Synthesis Settings -> More Settings" to "Off".


+-----------------------------------------------------------------------------+
; Parameter Settings for User Entity Instance: clk_gen:U_CLK_GEN|clk_div:DIV1 ;
+----------------+----------+-------------------------------------------------+
; Parameter Name ; Value    ; Type                                            ;
+----------------+----------+-------------------------------------------------+
; clk_in_freq    ; 50000000 ; Signed Integer                                  ;
; clk_out_freq   ; 1000     ; Signed Integer                                  ;
+----------------+----------+-------------------------------------------------+
Note: In order to hide this table in the UI and the text report file, please set the "Show Parameter Settings in Synthesis Report" option in "Analysis and Synthesis Settings -> More Settings" to "Off".


+--------------------------------------------------------------------------------------+
; Parameter Settings for User Entity Instance: clk_gen:U_CLK_GEN|partOneCounter:COUNT1 ;
+----------------+-------+-------------------------------------------------------------+
; Parameter Name ; Value ; Type                                                        ;
+----------------+-------+-------------------------------------------------------------+
; time_ms        ; 1000  ; Signed Integer                                              ;
+----------------+-------+-------------------------------------------------------------+
Note: In order to hide this table in the UI and the text report file, please set the "Show Parameter Settings in Synthesis Report" option in "Analysis and Synthesis Settings -> More Settings" to "Off".


+------------------------------------------------+
; Port Connectivity Checks: "decoder7seg:U_LED0" ;
+-------+-------+----------+---------------------+
; Port  ; Type  ; Severity ; Details             ;
+-------+-------+----------+---------------------+
; input ; Input ; Info     ; Stuck at GND        ;
+-------+-------+----------+---------------------+


+------------------------------------------------+
; Port Connectivity Checks: "decoder7seg:U_LED1" ;
+-------+-------+----------+---------------------+
; Port  ; Type  ; Severity ; Details             ;
+-------+-------+----------+---------------------+
; input ; Input ; Info     ; Stuck at GND        ;
+-------+-------+----------+---------------------+


+------------------------------------------------+
; Port Connectivity Checks: "decoder7seg:U_LED2" ;
+-------+-------+----------+---------------------+
; Port  ; Type  ; Severity ; Details             ;
+-------+-------+----------+---------------------+
; input ; Input ; Info     ; Stuck at GND        ;
+-------+-------+----------+---------------------+


+-----------------------------------------------------+
; Post-Synthesis Netlist Statistics for Top Partition ;
+-----------------------+-----------------------------+
; Type                  ; Count                       ;
+-----------------------+-----------------------------+
; boundary_port         ; 62                          ;
; cycloneiii_ff         ; 96                          ;
;     CLR               ; 96                          ;
; cycloneiii_lcell_comb ; 173                         ;
;     arith             ; 65                          ;
;         2 data inputs ; 63                          ;
;         3 data inputs ; 2                           ;
;     normal            ; 108                         ;
;         0 data inputs ; 2                           ;
;         1 data inputs ; 12                          ;
;         2 data inputs ; 22                          ;
;         3 data inputs ; 10                          ;
;         4 data inputs ; 62                          ;
;                       ;                             ;
; Max LUT depth         ; 5.00                        ;
; Average LUT depth     ; 3.48                        ;
+-----------------------+-----------------------------+


+-------------------------------+
; Elapsed Time Per Partition    ;
+----------------+--------------+
; Partition Name ; Elapsed Time ;
+----------------+--------------+
; Top            ; 00:00:02     ;
+----------------+--------------+


+-------------------------------+
; Analysis & Synthesis Messages ;
+-------------------------------+
Info: *******************************************************************
Info: Running Quartus Prime Analysis & Synthesis
    Info: Version 18.1.0 Build 625 09/12/2018 SJ Lite Edition
    Info: Processing started: Wed Feb 19 16:15:35 2020
Info: Command: quartus_map --read_settings_files=on --write_settings_files=off Lab4 -c Lab4
Warning (18236): Number of processors has not been specified which may cause overloading on shared machines.  Set the global assignment NUM_PARALLEL_PROCESSORS in your QSF to an appropriate value for best performance.
Info (20030): Parallel compilation is enabled and will use 2 of the 2 processors detected
Info (12021): Found 2 design units, including 1 entities, in source file top_level.vhd
    Info (12022): Found design unit 1: top_level-STR File: C:/Users/Koby/Desktop/School/Spring2020/DigitalDesign/Lab4/top_level.vhd Line: 42
    Info (12023): Found entity 1: top_level File: C:/Users/Koby/Desktop/School/Spring2020/DigitalDesign/Lab4/top_level.vhd Line: 21
Info (12021): Found 2 design units, including 1 entities, in source file partonecounter.vhd
    Info (12022): Found design unit 1: partOneCounter-BHV File: C:/Users/Koby/Desktop/School/Spring2020/DigitalDesign/Lab4/partOneCounter.vhd Line: 14
    Info (12023): Found entity 1: partOneCounter File: C:/Users/Koby/Desktop/School/Spring2020/DigitalDesign/Lab4/partOneCounter.vhd Line: 5
Info (12021): Found 2 design units, including 1 entities, in source file gray2_tb.vhd
    Info (12022): Found design unit 1: gray2_tb-TB File: C:/Users/Koby/Desktop/School/Spring2020/DigitalDesign/Lab4/gray2_tb.vhd Line: 10
    Info (12023): Found entity 1: gray2_tb File: C:/Users/Koby/Desktop/School/Spring2020/DigitalDesign/Lab4/gray2_tb.vhd Line: 6
Info (12021): Found 2 design units, including 1 entities, in source file gray2.vhd
    Info (12022): Found design unit 1: gray2-PROC2 File: C:/Users/Koby/Desktop/School/Spring2020/DigitalDesign/Lab4/gray2.vhd Line: 11
    Info (12023): Found entity 1: gray2 File: C:/Users/Koby/Desktop/School/Spring2020/DigitalDesign/Lab4/gray2.vhd Line: 4
Info (12021): Found 2 design units, including 1 entities, in source file gray1_tb.vhd
    Info (12022): Found design unit 1: gray1_tb-TB File: C:/Users/Koby/Desktop/School/Spring2020/DigitalDesign/Lab4/gray1_tb.vhd Line: 10
    Info (12023): Found entity 1: gray1_tb File: C:/Users/Koby/Desktop/School/Spring2020/DigitalDesign/Lab4/gray1_tb.vhd Line: 6
Info (12021): Found 2 design units, including 1 entities, in source file gray1.vhd
    Info (12022): Found design unit 1: gray1-PROC1 File: C:/Users/Koby/Desktop/School/Spring2020/DigitalDesign/Lab4/gray1.vhd Line: 11
    Info (12023): Found entity 1: gray1 File: C:/Users/Koby/Desktop/School/Spring2020/DigitalDesign/Lab4/gray1.vhd Line: 4
Info (12021): Found 2 design units, including 1 entities, in source file decoder7seg.vhd
    Info (12022): Found design unit 1: decoder7seg-BHV File: C:/Users/Koby/Desktop/School/Spring2020/DigitalDesign/Lab4/decoder7seg.vhd Line: 10
    Info (12023): Found entity 1: decoder7seg File: C:/Users/Koby/Desktop/School/Spring2020/DigitalDesign/Lab4/decoder7seg.vhd Line: 4
Info (12021): Found 2 design units, including 1 entities, in source file counter_tb.vhd
    Info (12022): Found design unit 1: counter_tb-TB File: C:/Users/Koby/Desktop/School/Spring2020/DigitalDesign/Lab4/counter_tb.vhd Line: 10
    Info (12023): Found entity 1: counter_tb File: C:/Users/Koby/Desktop/School/Spring2020/DigitalDesign/Lab4/counter_tb.vhd Line: 6
Info (12021): Found 2 design units, including 1 entities, in source file counter.vhd
    Info (12022): Found design unit 1: counter-BHV File: C:/Users/Koby/Desktop/School/Spring2020/DigitalDesign/Lab4/counter.vhd Line: 15
    Info (12023): Found entity 1: counter File: C:/Users/Koby/Desktop/School/Spring2020/DigitalDesign/Lab4/counter.vhd Line: 5
Info (12021): Found 2 design units, including 1 entities, in source file clk_gen_tb.vhd
    Info (12022): Found design unit 1: clk_gen_tb-TB File: C:/Users/Koby/Desktop/School/Spring2020/DigitalDesign/Lab4/clk_gen_tb.vhd Line: 8
    Info (12023): Found entity 1: clk_gen_tb File: C:/Users/Koby/Desktop/School/Spring2020/DigitalDesign/Lab4/clk_gen_tb.vhd Line: 5
Info (12021): Found 2 design units, including 1 entities, in source file clk_gen.vhd
    Info (12022): Found design unit 1: clk_gen-STR File: C:/Users/Koby/Desktop/School/Spring2020/DigitalDesign/Lab4/clk_gen.vhd Line: 19
    Info (12023): Found entity 1: clk_gen File: C:/Users/Koby/Desktop/School/Spring2020/DigitalDesign/Lab4/clk_gen.vhd Line: 6
Info (12021): Found 2 design units, including 1 entities, in source file clk_div_tb.vhd
    Info (12022): Found design unit 1: clk_div_tb-TB File: C:/Users/Koby/Desktop/School/Spring2020/DigitalDesign/Lab4/clk_div_tb.vhd Line: 9
    Info (12023): Found entity 1: clk_div_tb File: C:/Users/Koby/Desktop/School/Spring2020/DigitalDesign/Lab4/clk_div_tb.vhd Line: 5
Info (12021): Found 2 design units, including 1 entities, in source file clk_div.vhd
    Info (12022): Found design unit 1: clk_div-BHV File: C:/Users/Koby/Desktop/School/Spring2020/DigitalDesign/Lab4/clk_div.vhd Line: 16
    Info (12023): Found entity 1: clk_div File: C:/Users/Koby/Desktop/School/Spring2020/DigitalDesign/Lab4/clk_div.vhd Line: 6
Info (12021): Found 2 design units, including 1 entities, in source file quiz4.vhd
    Info (12022): Found design unit 1: quiz4-PROC2 File: C:/Users/Koby/Desktop/School/Spring2020/DigitalDesign/Lab4/quiz4.vhd Line: 11
    Info (12023): Found entity 1: quiz4 File: C:/Users/Koby/Desktop/School/Spring2020/DigitalDesign/Lab4/quiz4.vhd Line: 4
Info (12127): Elaborating entity "top_level" for the top level hierarchy
Info (12128): Elaborating entity "gray2" for hierarchy "gray2:U_GRAY" File: C:/Users/Koby/Desktop/School/Spring2020/DigitalDesign/Lab4/top_level.vhd Line: 94
Info (12128): Elaborating entity "quiz4" for hierarchy "quiz4:U_QUIZ" File: C:/Users/Koby/Desktop/School/Spring2020/DigitalDesign/Lab4/top_level.vhd Line: 99
Info (12128): Elaborating entity "counter" for hierarchy "counter:U_COUNTER" File: C:/Users/Koby/Desktop/School/Spring2020/DigitalDesign/Lab4/top_level.vhd Line: 104
Warning (10492): VHDL Process Statement warning at counter.vhd(24): signal "load_n" is read inside the Process Statement but isn't in the Process Statement's sensitivity list File: C:/Users/Koby/Desktop/School/Spring2020/DigitalDesign/Lab4/counter.vhd Line: 24
Warning (10492): VHDL Process Statement warning at counter.vhd(25): signal "input" is read inside the Process Statement but isn't in the Process Statement's sensitivity list File: C:/Users/Koby/Desktop/School/Spring2020/DigitalDesign/Lab4/counter.vhd Line: 25
Info (12128): Elaborating entity "clk_gen" for hierarchy "clk_gen:U_CLK_GEN" File: C:/Users/Koby/Desktop/School/Spring2020/DigitalDesign/Lab4/top_level.vhd Line: 112
Info (12128): Elaborating entity "clk_div" for hierarchy "clk_gen:U_CLK_GEN|clk_div:DIV1" File: C:/Users/Koby/Desktop/School/Spring2020/DigitalDesign/Lab4/clk_gen.vhd Line: 42
Warning (10492): VHDL Process Statement warning at clk_div.vhd(34): signal "temp" is read inside the Process Statement but isn't in the Process Statement's sensitivity list File: C:/Users/Koby/Desktop/School/Spring2020/DigitalDesign/Lab4/clk_div.vhd Line: 34
Info (12128): Elaborating entity "partOneCounter" for hierarchy "clk_gen:U_CLK_GEN|partOneCounter:COUNT1" File: C:/Users/Koby/Desktop/School/Spring2020/DigitalDesign/Lab4/clk_gen.vhd Line: 48
Info (12128): Elaborating entity "decoder7seg" for hierarchy "decoder7seg:U_LED5" File: C:/Users/Koby/Desktop/School/Spring2020/DigitalDesign/Lab4/top_level.vhd Line: 121
Warning (13004): Presettable and clearable registers converted to equivalent circuits with latches. Registers power-up to an undefined state, and DEVCLRn places the registers in an undefined state.
    Warning (13310): Register "counter:U_COUNTER|count[0]" is converted into an equivalent circuit using register "counter:U_COUNTER|count[0]~_emulated" and latch "counter:U_COUNTER|count[0]~1" File: C:/Users/Koby/Desktop/School/Spring2020/DigitalDesign/Lab4/counter.vhd Line: 22
    Warning (13310): Register "counter:U_COUNTER|count[1]" is converted into an equivalent circuit using register "counter:U_COUNTER|count[1]~_emulated" and latch "counter:U_COUNTER|count[1]~6" File: C:/Users/Koby/Desktop/School/Spring2020/DigitalDesign/Lab4/counter.vhd Line: 22
    Warning (13310): Register "counter:U_COUNTER|count[2]" is converted into an equivalent circuit using register "counter:U_COUNTER|count[2]~_emulated" and latch "counter:U_COUNTER|count[2]~11" File: C:/Users/Koby/Desktop/School/Spring2020/DigitalDesign/Lab4/counter.vhd Line: 22
    Warning (13310): Register "counter:U_COUNTER|count[3]" is converted into an equivalent circuit using register "counter:U_COUNTER|count[3]~_emulated" and latch "counter:U_COUNTER|count[3]~16" File: C:/Users/Koby/Desktop/School/Spring2020/DigitalDesign/Lab4/counter.vhd Line: 22
Warning (13024): Output pins are stuck at VCC or GND
    Warning (13410): Pin "led0[0]" is stuck at GND File: C:/Users/Koby/Desktop/School/Spring2020/DigitalDesign/Lab4/top_level.vhd Line: 27
    Warning (13410): Pin "led0[1]" is stuck at GND File: C:/Users/Koby/Desktop/School/Spring2020/DigitalDesign/Lab4/top_level.vhd Line: 27
    Warning (13410): Pin "led0[2]" is stuck at GND File: C:/Users/Koby/Desktop/School/Spring2020/DigitalDesign/Lab4/top_level.vhd Line: 27
    Warning (13410): Pin "led0[3]" is stuck at GND File: C:/Users/Koby/Desktop/School/Spring2020/DigitalDesign/Lab4/top_level.vhd Line: 27
    Warning (13410): Pin "led0[4]" is stuck at GND File: C:/Users/Koby/Desktop/School/Spring2020/DigitalDesign/Lab4/top_level.vhd Line: 27
    Warning (13410): Pin "led0[5]" is stuck at GND File: C:/Users/Koby/Desktop/School/Spring2020/DigitalDesign/Lab4/top_level.vhd Line: 27
    Warning (13410): Pin "led0[6]" is stuck at VCC File: C:/Users/Koby/Desktop/School/Spring2020/DigitalDesign/Lab4/top_level.vhd Line: 27
    Warning (13410): Pin "led0_dp" is stuck at VCC File: C:/Users/Koby/Desktop/School/Spring2020/DigitalDesign/Lab4/top_level.vhd Line: 28
    Warning (13410): Pin "led1[0]" is stuck at GND File: C:/Users/Koby/Desktop/School/Spring2020/DigitalDesign/Lab4/top_level.vhd Line: 29
    Warning (13410): Pin "led1[1]" is stuck at GND File: C:/Users/Koby/Desktop/School/Spring2020/DigitalDesign/Lab4/top_level.vhd Line: 29
    Warning (13410): Pin "led1[2]" is stuck at GND File: C:/Users/Koby/Desktop/School/Spring2020/DigitalDesign/Lab4/top_level.vhd Line: 29
    Warning (13410): Pin "led1[3]" is stuck at GND File: C:/Users/Koby/Desktop/School/Spring2020/DigitalDesign/Lab4/top_level.vhd Line: 29
    Warning (13410): Pin "led1[4]" is stuck at GND File: C:/Users/Koby/Desktop/School/Spring2020/DigitalDesign/Lab4/top_level.vhd Line: 29
    Warning (13410): Pin "led1[5]" is stuck at GND File: C:/Users/Koby/Desktop/School/Spring2020/DigitalDesign/Lab4/top_level.vhd Line: 29
    Warning (13410): Pin "led1[6]" is stuck at VCC File: C:/Users/Koby/Desktop/School/Spring2020/DigitalDesign/Lab4/top_level.vhd Line: 29
    Warning (13410): Pin "led1_dp" is stuck at VCC File: C:/Users/Koby/Desktop/School/Spring2020/DigitalDesign/Lab4/top_level.vhd Line: 30
    Warning (13410): Pin "led2[0]" is stuck at GND File: C:/Users/Koby/Desktop/School/Spring2020/DigitalDesign/Lab4/top_level.vhd Line: 31
    Warning (13410): Pin "led2[1]" is stuck at GND File: C:/Users/Koby/Desktop/School/Spring2020/DigitalDesign/Lab4/top_level.vhd Line: 31
    Warning (13410): Pin "led2[2]" is stuck at GND File: C:/Users/Koby/Desktop/School/Spring2020/DigitalDesign/Lab4/top_level.vhd Line: 31
    Warning (13410): Pin "led2[3]" is stuck at GND File: C:/Users/Koby/Desktop/School/Spring2020/DigitalDesign/Lab4/top_level.vhd Line: 31
    Warning (13410): Pin "led2[4]" is stuck at GND File: C:/Users/Koby/Desktop/School/Spring2020/DigitalDesign/Lab4/top_level.vhd Line: 31
    Warning (13410): Pin "led2[5]" is stuck at GND File: C:/Users/Koby/Desktop/School/Spring2020/DigitalDesign/Lab4/top_level.vhd Line: 31
    Warning (13410): Pin "led2[6]" is stuck at VCC File: C:/Users/Koby/Desktop/School/Spring2020/DigitalDesign/Lab4/top_level.vhd Line: 31
    Warning (13410): Pin "led2_dp" is stuck at VCC File: C:/Users/Koby/Desktop/School/Spring2020/DigitalDesign/Lab4/top_level.vhd Line: 32
    Warning (13410): Pin "led3_dp" is stuck at VCC File: C:/Users/Koby/Desktop/School/Spring2020/DigitalDesign/Lab4/top_level.vhd Line: 34
    Warning (13410): Pin "led4_dp" is stuck at VCC File: C:/Users/Koby/Desktop/School/Spring2020/DigitalDesign/Lab4/top_level.vhd Line: 36
    Warning (13410): Pin "led5_dp" is stuck at VCC File: C:/Users/Koby/Desktop/School/Spring2020/DigitalDesign/Lab4/top_level.vhd Line: 38
Info (286030): Timing-Driven Synthesis is running
Info (16010): Generating hard_block partition "hard_block:auto_generated_inst"
    Info (16011): Adding 0 node(s), including 0 DDIO, 0 PLL, 0 transceiver and 0 LCELL
Warning (21074): Design contains 5 input pin(s) that do not drive logic
    Warning (15610): No output dependent on input pin "switch[0]" File: C:/Users/Koby/Desktop/School/Spring2020/DigitalDesign/Lab4/top_level.vhd Line: 25
    Warning (15610): No output dependent on input pin "switch[1]" File: C:/Users/Koby/Desktop/School/Spring2020/DigitalDesign/Lab4/top_level.vhd Line: 25
    Warning (15610): No output dependent on input pin "switch[2]" File: C:/Users/Koby/Desktop/School/Spring2020/DigitalDesign/Lab4/top_level.vhd Line: 25
    Warning (15610): No output dependent on input pin "switch[3]" File: C:/Users/Koby/Desktop/School/Spring2020/DigitalDesign/Lab4/top_level.vhd Line: 25
    Warning (15610): No output dependent on input pin "button[0]" File: C:/Users/Koby/Desktop/School/Spring2020/DigitalDesign/Lab4/top_level.vhd Line: 26
Info (21057): Implemented 250 device resources after synthesis - the final resource count might be different
    Info (21058): Implemented 14 input pins
    Info (21059): Implemented 48 output pins
    Info (21061): Implemented 188 logic cells
Info: Quartus Prime Analysis & Synthesis was successful. 0 errors, 43 warnings
    Info: Peak virtual memory: 4780 megabytes
    Info: Processing ended: Wed Feb 19 16:15:58 2020
    Info: Elapsed time: 00:00:23
    Info: Total CPU time (on all processors): 00:00:41


