Analysis & Synthesis report for Lab5
Wed Feb 26 16:39:53 2020
Quartus Prime Version 18.1.0 Build 625 09/12/2018 SJ Lite Edition


---------------------
; Table of Contents ;
---------------------
  1. Legal Notice
  2. Analysis & Synthesis Summary
  3. Analysis & Synthesis Settings
  4. Parallel Compilation
  5. Analysis & Synthesis Source Files Read
  6. Analysis & Synthesis Resource Usage Summary
  7. Analysis & Synthesis Resource Utilization by Entity
  8. State Machine - |top_level|gcd:U_GCD|ctrl2:CONTROLLER|state
  9. User-Specified and Inferred Latches
 10. General Register Statistics
 11. Multiplexer Restructuring Statistics (Restructuring Performed)
 12. Parameter Settings for User Entity Instance: gcd:U_GCD
 13. Parameter Settings for User Entity Instance: gcd:U_GCD|datapath2:DATAPATH
 14. Parameter Settings for User Entity Instance: gcd:U_GCD|datapath2:DATAPATH|mux2x1:X_MUX
 15. Parameter Settings for User Entity Instance: gcd:U_GCD|datapath2:DATAPATH|mux2x1:Y_MUX
 16. Parameter Settings for User Entity Instance: gcd:U_GCD|datapath2:DATAPATH|reg:X_REG
 17. Parameter Settings for User Entity Instance: gcd:U_GCD|datapath2:DATAPATH|reg:Y_REG
 18. Parameter Settings for User Entity Instance: gcd:U_GCD|datapath2:DATAPATH|reg:OUT_REG
 19. Parameter Settings for User Entity Instance: gcd:U_GCD|datapath2:DATAPATH|subtractor2:SUB
 20. Parameter Settings for User Entity Instance: gcd:U_GCD|datapath2:DATAPATH|comparator:COMP
 21. Parameter Settings for User Entity Instance: gcd:U_GCD|ctrl2:CONTROLLER
 22. Port Connectivity Checks: "gcd:U_GCD"
 23. Port Connectivity Checks: "decoder7seg:U_LED0"
 24. Port Connectivity Checks: "decoder7seg:U_LED1"
 25. Port Connectivity Checks: "decoder7seg:U_LED2"
 26. Port Connectivity Checks: "decoder7seg:U_LED3"
 27. Post-Synthesis Netlist Statistics for Top Partition
 28. Elapsed Time Per Partition
 29. Analysis & Synthesis Messages



----------------
; Legal Notice ;
----------------
Copyright (C) 2018  Intel Corporation. All rights reserved.
Your use of Intel Corporation's design tools, logic functions 
and other software and tools, and its AMPP partner logic 
functions, and any output files from any of the foregoing 
(including device programming or simulation files), and any 
associated documentation or information are expressly subject 
to the terms and conditions of the Intel Program License 
Subscription Agreement, the Intel Quartus Prime License Agreement,
the Intel FPGA IP License Agreement, or other applicable license
agreement, including, without limitation, that your use is for
the sole purpose of programming logic devices manufactured by
Intel and sold by Intel or its authorized distributors.  Please
refer to the applicable agreement for further details.



+----------------------------------------------------------------------------------+
; Analysis & Synthesis Summary                                                     ;
+------------------------------------+---------------------------------------------+
; Analysis & Synthesis Status        ; Successful - Wed Feb 26 16:39:53 2020       ;
; Quartus Prime Version              ; 18.1.0 Build 625 09/12/2018 SJ Lite Edition ;
; Revision Name                      ; Lab5                                        ;
; Top-level Entity Name              ; top_level                                   ;
; Family                             ; MAX 10                                      ;
; Total logic elements               ; 90                                          ;
;     Total combinational functions  ; 82                                          ;
;     Dedicated logic registers      ; 31                                          ;
; Total registers                    ; 31                                          ;
; Total pins                         ; 61                                          ;
; Total virtual pins                 ; 0                                           ;
; Total memory bits                  ; 0                                           ;
; Embedded Multiplier 9-bit elements ; 0                                           ;
; Total PLLs                         ; 0                                           ;
; UFM blocks                         ; 0                                           ;
; ADC blocks                         ; 0                                           ;
+------------------------------------+---------------------------------------------+


+------------------------------------------------------------------------------------------------------------+
; Analysis & Synthesis Settings                                                                              ;
+------------------------------------------------------------------+--------------------+--------------------+
; Option                                                           ; Setting            ; Default Value      ;
+------------------------------------------------------------------+--------------------+--------------------+
; Device                                                           ; 10M50DAF484C7G     ;                    ;
; Top-level entity name                                            ; top_level          ; Lab5               ;
; Family name                                                      ; MAX 10             ; Cyclone V          ;
; Use smart compilation                                            ; Off                ; Off                ;
; Enable parallel Assembler and Timing Analyzer during compilation ; On                 ; On                 ;
; Enable compact report table                                      ; Off                ; Off                ;
; Restructure Multiplexers                                         ; Auto               ; Auto               ;
; Create Debugging Nodes for IP Cores                              ; Off                ; Off                ;
; Preserve fewer node names                                        ; On                 ; On                 ;
; Intel FPGA IP Evaluation Mode                                    ; Enable             ; Enable             ;
; Verilog Version                                                  ; Verilog_2001       ; Verilog_2001       ;
; VHDL Version                                                     ; VHDL_1993          ; VHDL_1993          ;
; State Machine Processing                                         ; Auto               ; Auto               ;
; Safe State Machine                                               ; Off                ; Off                ;
; Extract Verilog State Machines                                   ; On                 ; On                 ;
; Extract VHDL State Machines                                      ; On                 ; On                 ;
; Ignore Verilog initial constructs                                ; Off                ; Off                ;
; Iteration limit for constant Verilog loops                       ; 5000               ; 5000               ;
; Iteration limit for non-constant Verilog loops                   ; 250                ; 250                ;
; Add Pass-Through Logic to Inferred RAMs                          ; On                 ; On                 ;
; Infer RAMs from Raw Logic                                        ; On                 ; On                 ;
; Parallel Synthesis                                               ; On                 ; On                 ;
; DSP Block Balancing                                              ; Auto               ; Auto               ;
; NOT Gate Push-Back                                               ; On                 ; On                 ;
; Power-Up Don't Care                                              ; On                 ; On                 ;
; Remove Redundant Logic Cells                                     ; Off                ; Off                ;
; Remove Duplicate Registers                                       ; On                 ; On                 ;
; Ignore CARRY Buffers                                             ; Off                ; Off                ;
; Ignore CASCADE Buffers                                           ; Off                ; Off                ;
; Ignore GLOBAL Buffers                                            ; Off                ; Off                ;
; Ignore ROW GLOBAL Buffers                                        ; Off                ; Off                ;
; Ignore LCELL Buffers                                             ; Off                ; Off                ;
; Ignore SOFT Buffers                                              ; On                 ; On                 ;
; Limit AHDL Integers to 32 Bits                                   ; Off                ; Off                ;
; Optimization Technique                                           ; Balanced           ; Balanced           ;
; Carry Chain Length                                               ; 70                 ; 70                 ;
; Auto Carry Chains                                                ; On                 ; On                 ;
; Auto Open-Drain Pins                                             ; On                 ; On                 ;
; Perform WYSIWYG Primitive Resynthesis                            ; Off                ; Off                ;
; Auto ROM Replacement                                             ; On                 ; On                 ;
; Auto RAM Replacement                                             ; On                 ; On                 ;
; Auto DSP Block Replacement                                       ; On                 ; On                 ;
; Auto Shift Register Replacement                                  ; Auto               ; Auto               ;
; Allow Shift Register Merging across Hierarchies                  ; Auto               ; Auto               ;
; Auto Clock Enable Replacement                                    ; On                 ; On                 ;
; Strict RAM Replacement                                           ; Off                ; Off                ;
; Allow Synchronous Control Signals                                ; On                 ; On                 ;
; Force Use of Synchronous Clear Signals                           ; Off                ; Off                ;
; Auto RAM Block Balancing                                         ; On                 ; On                 ;
; Auto RAM to Logic Cell Conversion                                ; Off                ; Off                ;
; Auto Resource Sharing                                            ; Off                ; Off                ;
; Allow Any RAM Size For Recognition                               ; Off                ; Off                ;
; Allow Any ROM Size For Recognition                               ; Off                ; Off                ;
; Allow Any Shift Register Size For Recognition                    ; Off                ; Off                ;
; Use LogicLock Constraints during Resource Balancing              ; On                 ; On                 ;
; Ignore translate_off and synthesis_off directives                ; Off                ; Off                ;
; Timing-Driven Synthesis                                          ; On                 ; On                 ;
; Report Parameter Settings                                        ; On                 ; On                 ;
; Report Source Assignments                                        ; On                 ; On                 ;
; Report Connectivity Checks                                       ; On                 ; On                 ;
; Ignore Maximum Fan-Out Assignments                               ; Off                ; Off                ;
; Synchronization Register Chain Length                            ; 2                  ; 2                  ;
; Power Optimization During Synthesis                              ; Normal compilation ; Normal compilation ;
; HDL message level                                                ; Level2             ; Level2             ;
; Suppress Register Optimization Related Messages                  ; Off                ; Off                ;
; Number of Removed Registers Reported in Synthesis Report         ; 5000               ; 5000               ;
; Number of Swept Nodes Reported in Synthesis Report               ; 5000               ; 5000               ;
; Number of Inverted Registers Reported in Synthesis Report        ; 100                ; 100                ;
; Clock MUX Protection                                             ; On                 ; On                 ;
; Auto Gated Clock Conversion                                      ; Off                ; Off                ;
; Block Design Naming                                              ; Auto               ; Auto               ;
; SDC constraint protection                                        ; Off                ; Off                ;
; Synthesis Effort                                                 ; Auto               ; Auto               ;
; Shift Register Replacement - Allow Asynchronous Clear Signal     ; On                 ; On                 ;
; Pre-Mapping Resynthesis Optimization                             ; Off                ; Off                ;
; Analysis & Synthesis Message Level                               ; Medium             ; Medium             ;
; Disable Register Merging Across Hierarchies                      ; Auto               ; Auto               ;
; Resource Aware Inference For Block RAM                           ; On                 ; On                 ;
+------------------------------------------------------------------+--------------------+--------------------+


+------------------------------------------+
; Parallel Compilation                     ;
+----------------------------+-------------+
; Processors                 ; Number      ;
+----------------------------+-------------+
; Number detected on machine ; 4           ;
; Maximum allowed            ; 2           ;
;                            ;             ;
; Average used               ; 1.00        ;
; Maximum used               ; 2           ;
;                            ;             ;
; Usage by Processor         ; % Time Used ;
;     Processor 1            ; 100.0%      ;
;     Processor 2            ;   0.0%      ;
+----------------------------+-------------+


+-------------------------------------------------------------------------------------------------------------------------------------------------------------+
; Analysis & Synthesis Source Files Read                                                                                                                      ;
+----------------------------------+-----------------+-----------------+----------------------------------------------------------------------------+---------+
; File Name with User-Entered Path ; Used in Netlist ; File Type       ; File Name with Absolute Path                                               ; Library ;
+----------------------------------+-----------------+-----------------+----------------------------------------------------------------------------+---------+
; top_level.vhd                    ; yes             ; User VHDL File  ; C:/Users/Koby/Desktop/School/Spring2020/DigitalDesign/Lab5/top_level.vhd   ;         ;
; subtractor2.vhd                  ; yes             ; User VHDL File  ; C:/Users/Koby/Desktop/School/Spring2020/DigitalDesign/Lab5/subtractor2.vhd ;         ;
; subtractor.vhd                   ; yes             ; User VHDL File  ; C:/Users/Koby/Desktop/School/Spring2020/DigitalDesign/Lab5/subtractor.vhd  ;         ;
; reg.vhd                          ; yes             ; User VHDL File  ; C:/Users/Koby/Desktop/School/Spring2020/DigitalDesign/Lab5/reg.vhd         ;         ;
; mux2x1.vhd                       ; yes             ; User VHDL File  ; C:/Users/Koby/Desktop/School/Spring2020/DigitalDesign/Lab5/mux2x1.vhd      ;         ;
; gcd.vhd                          ; yes             ; User VHDL File  ; C:/Users/Koby/Desktop/School/Spring2020/DigitalDesign/Lab5/gcd.vhd         ;         ;
; decoder7seg.vhd                  ; yes             ; User VHDL File  ; C:/Users/Koby/Desktop/School/Spring2020/DigitalDesign/Lab5/decoder7seg.vhd ;         ;
; datapath2.vhd                    ; yes             ; User VHDL File  ; C:/Users/Koby/Desktop/School/Spring2020/DigitalDesign/Lab5/datapath2.vhd   ;         ;
; datapath1.vhd                    ; yes             ; User VHDL File  ; C:/Users/Koby/Desktop/School/Spring2020/DigitalDesign/Lab5/datapath1.vhd   ;         ;
; ctrl2.vhd                        ; yes             ; User VHDL File  ; C:/Users/Koby/Desktop/School/Spring2020/DigitalDesign/Lab5/ctrl2.vhd       ;         ;
; ctrl1.vhd                        ; yes             ; User VHDL File  ; C:/Users/Koby/Desktop/School/Spring2020/DigitalDesign/Lab5/ctrl1.vhd       ;         ;
; comparator.vhd                   ; yes             ; User VHDL File  ; C:/Users/Koby/Desktop/School/Spring2020/DigitalDesign/Lab5/comparator.vhd  ;         ;
+----------------------------------+-----------------+-----------------+----------------------------------------------------------------------------+---------+


+---------------------------------------------------------+
; Analysis & Synthesis Resource Usage Summary             ;
+---------------------------------------------+-----------+
; Resource                                    ; Usage     ;
+---------------------------------------------+-----------+
; Estimated Total logic elements              ; 90        ;
;                                             ;           ;
; Total combinational functions               ; 82        ;
; Logic element usage by number of LUT inputs ;           ;
;     -- 4 input functions                    ; 33        ;
;     -- 3 input functions                    ; 40        ;
;     -- <=2 input functions                  ; 9         ;
;                                             ;           ;
; Logic elements by mode                      ;           ;
;     -- normal mode                          ; 54        ;
;     -- arithmetic mode                      ; 28        ;
;                                             ;           ;
; Total registers                             ; 31        ;
;     -- Dedicated logic registers            ; 31        ;
;     -- I/O registers                        ; 0         ;
;                                             ;           ;
; I/O pins                                    ; 61        ;
;                                             ;           ;
; Embedded Multiplier 9-bit elements          ; 0         ;
;                                             ;           ;
; Maximum fan-out node                        ; clk~input ;
; Maximum fan-out                             ; 31        ;
; Total fan-out                               ; 473       ;
; Average fan-out                             ; 2.01      ;
+---------------------------------------------+-----------+


+------------------------------------------------------------------------------------------------------------------------------------------------------------------------------------------------------------------------------------------------------------------------+
; Analysis & Synthesis Resource Utilization by Entity                                                                                                                                                                                                                    ;
+----------------------------+---------------------+---------------------------+-------------+------------+--------------+---------+-----------+------+--------------+------------+---------------------------------------------------------+-------------+--------------+
; Compilation Hierarchy Node ; Combinational ALUTs ; Dedicated Logic Registers ; Memory Bits ; UFM Blocks ; DSP Elements ; DSP 9x9 ; DSP 18x18 ; Pins ; Virtual Pins ; ADC blocks ; Full Hierarchy Name                                     ; Entity Name ; Library Name ;
+----------------------------+---------------------+---------------------------+-------------+------------+--------------+---------+-----------+------+--------------+------------+---------------------------------------------------------+-------------+--------------+
; |top_level                 ; 82 (0)              ; 31 (0)                    ; 0           ; 0          ; 0            ; 0       ; 0         ; 61   ; 0            ; 0          ; |top_level                                              ; top_level   ; work         ;
;    |decoder7seg:U_LED4|    ; 7 (7)               ; 0 (0)                     ; 0           ; 0          ; 0            ; 0       ; 0         ; 0    ; 0            ; 0          ; |top_level|decoder7seg:U_LED4                           ; decoder7seg ; work         ;
;    |decoder7seg:U_LED5|    ; 7 (7)               ; 0 (0)                     ; 0           ; 0          ; 0            ; 0       ; 0         ; 0    ; 0            ; 0          ; |top_level|decoder7seg:U_LED5                           ; decoder7seg ; work         ;
;    |gcd:U_GCD|             ; 68 (0)              ; 31 (0)                    ; 0           ; 0          ; 0            ; 0       ; 0         ; 0    ; 0            ; 0          ; |top_level|gcd:U_GCD                                    ; gcd         ; work         ;
;       |ctrl2:CONTROLLER|   ; 14 (14)             ; 7 (7)                     ; 0           ; 0          ; 0            ; 0       ; 0         ; 0    ; 0            ; 0          ; |top_level|gcd:U_GCD|ctrl2:CONTROLLER                   ; ctrl2       ; work         ;
;       |datapath2:DATAPATH| ; 54 (0)              ; 24 (0)                    ; 0           ; 0          ; 0            ; 0       ; 0         ; 0    ; 0            ; 0          ; |top_level|gcd:U_GCD|datapath2:DATAPATH                 ; datapath2   ; work         ;
;          |comparator:COMP| ; 13 (13)             ; 0 (0)                     ; 0           ; 0          ; 0            ; 0       ; 0         ; 0    ; 0            ; 0          ; |top_level|gcd:U_GCD|datapath2:DATAPATH|comparator:COMP ; comparator  ; work         ;
;          |mux2x1:X_MUX|    ; 3 (3)               ; 0 (0)                     ; 0           ; 0          ; 0            ; 0       ; 0         ; 0    ; 0            ; 0          ; |top_level|gcd:U_GCD|datapath2:DATAPATH|mux2x1:X_MUX    ; mux2x1      ; work         ;
;          |mux2x1:Y_MUX|    ; 9 (9)               ; 0 (0)                     ; 0           ; 0          ; 0            ; 0       ; 0         ; 0    ; 0            ; 0          ; |top_level|gcd:U_GCD|datapath2:DATAPATH|mux2x1:Y_MUX    ; mux2x1      ; work         ;
;          |reg:OUT_REG|     ; 0 (0)               ; 8 (8)                     ; 0           ; 0          ; 0            ; 0       ; 0         ; 0    ; 0            ; 0          ; |top_level|gcd:U_GCD|datapath2:DATAPATH|reg:OUT_REG     ; reg         ; work         ;
;          |reg:X_REG|       ; 5 (5)               ; 8 (8)                     ; 0           ; 0          ; 0            ; 0       ; 0         ; 0    ; 0            ; 0          ; |top_level|gcd:U_GCD|datapath2:DATAPATH|reg:X_REG       ; reg         ; work         ;
;          |reg:Y_REG|       ; 0 (0)               ; 8 (8)                     ; 0           ; 0          ; 0            ; 0       ; 0         ; 0    ; 0            ; 0          ; |top_level|gcd:U_GCD|datapath2:DATAPATH|reg:Y_REG       ; reg         ; work         ;
;          |subtractor2:SUB| ; 24 (24)             ; 0 (0)                     ; 0           ; 0          ; 0            ; 0       ; 0         ; 0    ; 0            ; 0          ; |top_level|gcd:U_GCD|datapath2:DATAPATH|subtractor2:SUB ; subtractor2 ; work         ;
+----------------------------+---------------------+---------------------------+-------------+------------+--------------+---------+-----------+------+--------------+------------+---------------------------------------------------------+-------------+--------------+
Note: For table entries with two numbers listed, the numbers in parentheses indicate the number of resources of the given type used by the specific entity alone. The numbers listed outside of parentheses indicate the total resources of the given type used by the specific entity and all of its sub-entities in the hierarchy.


Encoding Type:  One-Hot
+-------------------------------------------------------------------------------------------------------------------------------------------+
; State Machine - |top_level|gcd:U_GCD|ctrl2:CONTROLLER|state                                                                               ;
+----------------------+-------------+-------------+----------------------+-------------------+------------------+------------+-------------+
; Name                 ; state.STALL ; state.FINAL ; state.X_GREATER_THAN ; state.X_LESS_THAN ; state.CHECK_COMP ; state.INIT ; state.START ;
+----------------------+-------------+-------------+----------------------+-------------------+------------------+------------+-------------+
; state.START          ; 0           ; 0           ; 0                    ; 0                 ; 0                ; 0          ; 0           ;
; state.INIT           ; 0           ; 0           ; 0                    ; 0                 ; 0                ; 1          ; 1           ;
; state.CHECK_COMP     ; 0           ; 0           ; 0                    ; 0                 ; 1                ; 0          ; 1           ;
; state.X_LESS_THAN    ; 0           ; 0           ; 0                    ; 1                 ; 0                ; 0          ; 1           ;
; state.X_GREATER_THAN ; 0           ; 0           ; 1                    ; 0                 ; 0                ; 0          ; 1           ;
; state.FINAL          ; 0           ; 1           ; 0                    ; 0                 ; 0                ; 0          ; 1           ;
; state.STALL          ; 1           ; 0           ; 0                    ; 0                 ; 0                ; 0          ; 1           ;
+----------------------+-------------+-------------+----------------------+-------------------+------------------+------------+-------------+


+------------------------------------------------------------------------------------------------------------------+
; User-Specified and Inferred Latches                                                                              ;
+----------------------------------------------------+------------------------------------+------------------------+
; Latch Name                                         ; Latch Enable Signal                ; Free of Timing Hazards ;
+----------------------------------------------------+------------------------------------+------------------------+
; gcd:U_GCD|ctrl2:CONTROLLER|x_en                    ; gcd:U_GCD|ctrl2:CONTROLLER|WideOr0 ; yes                    ;
; gcd:U_GCD|ctrl2:CONTROLLER|y_en                    ; gcd:U_GCD|ctrl2:CONTROLLER|WideOr1 ; yes                    ;
; Number of user-specified and inferred latches = 2  ;                                    ;                        ;
+----------------------------------------------------+------------------------------------+------------------------+
Note: All latches listed above may not be present at the end of synthesis due to various synthesis optimizations.


+------------------------------------------------------+
; General Register Statistics                          ;
+----------------------------------------------+-------+
; Statistic                                    ; Value ;
+----------------------------------------------+-------+
; Total registers                              ; 31    ;
; Number of registers using Synchronous Clear  ; 0     ;
; Number of registers using Synchronous Load   ; 5     ;
; Number of registers using Asynchronous Clear ; 31    ;
; Number of registers using Asynchronous Load  ; 0     ;
; Number of registers using Clock Enable       ; 24    ;
; Number of registers using Preset             ; 0     ;
+----------------------------------------------+-------+


+----------------------------------------------------------------------------------------------------------------------------------------------------------------------------+
; Multiplexer Restructuring Statistics (Restructuring Performed)                                                                                                             ;
+--------------------+-----------+---------------+----------------------+------------------------+------------+--------------------------------------------------------------+
; Multiplexer Inputs ; Bus Width ; Baseline Area ; Area if Restructured ; Saving if Restructured ; Registered ; Example Multiplexer Output                                   ;
+--------------------+-----------+---------------+----------------------+------------------------+------------+--------------------------------------------------------------+
; 3:1                ; 2 bits    ; 4 LEs         ; 2 LEs                ; 2 LEs                  ; No         ; |top_level|gcd:U_GCD|ctrl2:CONTROLLER|next_state.X_LESS_THAN ;
+--------------------+-----------+---------------+----------------------+------------------------+------------+--------------------------------------------------------------+


+--------------------------------------------------------+
; Parameter Settings for User Entity Instance: gcd:U_GCD ;
+----------------+-------+-------------------------------+
; Parameter Name ; Value ; Type                          ;
+----------------+-------+-------------------------------+
; width          ; 8     ; Signed Integer                ;
+----------------+-------+-------------------------------+
Note: In order to hide this table in the UI and the text report file, please set the "Show Parameter Settings in Synthesis Report" option in "Analysis and Synthesis Settings -> More Settings" to "Off".


+---------------------------------------------------------------------------+
; Parameter Settings for User Entity Instance: gcd:U_GCD|datapath2:DATAPATH ;
+----------------+-------+--------------------------------------------------+
; Parameter Name ; Value ; Type                                             ;
+----------------+-------+--------------------------------------------------+
; width          ; 8     ; Signed Integer                                   ;
+----------------+-------+--------------------------------------------------+
Note: In order to hide this table in the UI and the text report file, please set the "Show Parameter Settings in Synthesis Report" option in "Analysis and Synthesis Settings -> More Settings" to "Off".


+----------------------------------------------------------------------------------------+
; Parameter Settings for User Entity Instance: gcd:U_GCD|datapath2:DATAPATH|mux2x1:X_MUX ;
+----------------+-------+---------------------------------------------------------------+
; Parameter Name ; Value ; Type                                                          ;
+----------------+-------+---------------------------------------------------------------+
; width          ; 8     ; Signed Integer                                                ;
+----------------+-------+---------------------------------------------------------------+
Note: In order to hide this table in the UI and the text report file, please set the "Show Parameter Settings in Synthesis Report" option in "Analysis and Synthesis Settings -> More Settings" to "Off".


+----------------------------------------------------------------------------------------+
; Parameter Settings for User Entity Instance: gcd:U_GCD|datapath2:DATAPATH|mux2x1:Y_MUX ;
+----------------+-------+---------------------------------------------------------------+
; Parameter Name ; Value ; Type                                                          ;
+----------------+-------+---------------------------------------------------------------+
; width          ; 8     ; Signed Integer                                                ;
+----------------+-------+---------------------------------------------------------------+
Note: In order to hide this table in the UI and the text report file, please set the "Show Parameter Settings in Synthesis Report" option in "Analysis and Synthesis Settings -> More Settings" to "Off".


+-------------------------------------------------------------------------------------+
; Parameter Settings for User Entity Instance: gcd:U_GCD|datapath2:DATAPATH|reg:X_REG ;
+----------------+-------+------------------------------------------------------------+
; Parameter Name ; Value ; Type                                                       ;
+----------------+-------+------------------------------------------------------------+
; width          ; 8     ; Signed Integer                                             ;
+----------------+-------+------------------------------------------------------------+
Note: In order to hide this table in the UI and the text report file, please set the "Show Parameter Settings in Synthesis Report" option in "Analysis and Synthesis Settings -> More Settings" to "Off".


+-------------------------------------------------------------------------------------+
; Parameter Settings for User Entity Instance: gcd:U_GCD|datapath2:DATAPATH|reg:Y_REG ;
+----------------+-------+------------------------------------------------------------+
; Parameter Name ; Value ; Type                                                       ;
+----------------+-------+------------------------------------------------------------+
; width          ; 8     ; Signed Integer                                             ;
+----------------+-------+------------------------------------------------------------+
Note: In order to hide this table in the UI and the text report file, please set the "Show Parameter Settings in Synthesis Report" option in "Analysis and Synthesis Settings -> More Settings" to "Off".


+---------------------------------------------------------------------------------------+
; Parameter Settings for User Entity Instance: gcd:U_GCD|datapath2:DATAPATH|reg:OUT_REG ;
+----------------+-------+--------------------------------------------------------------+
; Parameter Name ; Value ; Type                                                         ;
+----------------+-------+--------------------------------------------------------------+
; width          ; 8     ; Signed Integer                                               ;
+----------------+-------+--------------------------------------------------------------+
Note: In order to hide this table in the UI and the text report file, please set the "Show Parameter Settings in Synthesis Report" option in "Analysis and Synthesis Settings -> More Settings" to "Off".


+-------------------------------------------------------------------------------------------+
; Parameter Settings for User Entity Instance: gcd:U_GCD|datapath2:DATAPATH|subtractor2:SUB ;
+----------------+-------+------------------------------------------------------------------+
; Parameter Name ; Value ; Type                                                             ;
+----------------+-------+------------------------------------------------------------------+
; width          ; 8     ; Signed Integer                                                   ;
+----------------+-------+------------------------------------------------------------------+
Note: In order to hide this table in the UI and the text report file, please set the "Show Parameter Settings in Synthesis Report" option in "Analysis and Synthesis Settings -> More Settings" to "Off".


+-------------------------------------------------------------------------------------------+
; Parameter Settings for User Entity Instance: gcd:U_GCD|datapath2:DATAPATH|comparator:COMP ;
+----------------+-------+------------------------------------------------------------------+
; Parameter Name ; Value ; Type                                                             ;
+----------------+-------+------------------------------------------------------------------+
; width          ; 8     ; Signed Integer                                                   ;
+----------------+-------+------------------------------------------------------------------+
Note: In order to hide this table in the UI and the text report file, please set the "Show Parameter Settings in Synthesis Report" option in "Analysis and Synthesis Settings -> More Settings" to "Off".


+-------------------------------------------------------------------------+
; Parameter Settings for User Entity Instance: gcd:U_GCD|ctrl2:CONTROLLER ;
+----------------+-------+------------------------------------------------+
; Parameter Name ; Value ; Type                                           ;
+----------------+-------+------------------------------------------------+
; width          ; 8     ; Signed Integer                                 ;
+----------------+-------+------------------------------------------------+
Note: In order to hide this table in the UI and the text report file, please set the "Show Parameter Settings in Synthesis Report" option in "Analysis and Synthesis Settings -> More Settings" to "Off".


+-------------------------------------------+
; Port Connectivity Checks: "gcd:U_GCD"     ;
+---------+-------+----------+--------------+
; Port    ; Type  ; Severity ; Details      ;
+---------+-------+----------+--------------+
; x[7..5] ; Input ; Info     ; Stuck at GND ;
; y[7..5] ; Input ; Info     ; Stuck at GND ;
+---------+-------+----------+--------------+


+------------------------------------------------+
; Port Connectivity Checks: "decoder7seg:U_LED0" ;
+-------+-------+----------+---------------------+
; Port  ; Type  ; Severity ; Details             ;
+-------+-------+----------+---------------------+
; input ; Input ; Info     ; Stuck at GND        ;
+-------+-------+----------+---------------------+


+------------------------------------------------+
; Port Connectivity Checks: "decoder7seg:U_LED1" ;
+-------+-------+----------+---------------------+
; Port  ; Type  ; Severity ; Details             ;
+-------+-------+----------+---------------------+
; input ; Input ; Info     ; Stuck at GND        ;
+-------+-------+----------+---------------------+


+------------------------------------------------+
; Port Connectivity Checks: "decoder7seg:U_LED2" ;
+-------+-------+----------+---------------------+
; Port  ; Type  ; Severity ; Details             ;
+-------+-------+----------+---------------------+
; input ; Input ; Info     ; Stuck at GND        ;
+-------+-------+----------+---------------------+


+------------------------------------------------+
; Port Connectivity Checks: "decoder7seg:U_LED3" ;
+-------+-------+----------+---------------------+
; Port  ; Type  ; Severity ; Details             ;
+-------+-------+----------+---------------------+
; input ; Input ; Info     ; Stuck at GND        ;
+-------+-------+----------+---------------------+


+-----------------------------------------------------+
; Post-Synthesis Netlist Statistics for Top Partition ;
+-----------------------+-----------------------------+
; Type                  ; Count                       ;
+-----------------------+-----------------------------+
; boundary_port         ; 61                          ;
; cycloneiii_ff         ; 31                          ;
;     CLR               ; 7                           ;
;     ENA CLR           ; 19                          ;
;     ENA CLR SLD       ; 5                           ;
; cycloneiii_lcell_comb ; 87                          ;
;     arith             ; 28                          ;
;         3 data inputs ; 28                          ;
;     normal            ; 59                          ;
;         0 data inputs ; 2                           ;
;         1 data inputs ; 3                           ;
;         2 data inputs ; 9                           ;
;         3 data inputs ; 12                          ;
;         4 data inputs ; 33                          ;
;                       ;                             ;
; Max LUT depth         ; 3.70                        ;
; Average LUT depth     ; 2.38                        ;
+-----------------------+-----------------------------+


+-------------------------------+
; Elapsed Time Per Partition    ;
+----------------+--------------+
; Partition Name ; Elapsed Time ;
+----------------+--------------+
; Top            ; 00:00:02     ;
+----------------+--------------+


+-------------------------------+
; Analysis & Synthesis Messages ;
+-------------------------------+
Info: *******************************************************************
Info: Running Quartus Prime Analysis & Synthesis
    Info: Version 18.1.0 Build 625 09/12/2018 SJ Lite Edition
    Info: Processing started: Wed Feb 26 16:39:24 2020
Info: Command: quartus_map --read_settings_files=on --write_settings_files=off Lab5 -c Lab5
Warning (18236): Number of processors has not been specified which may cause overloading on shared machines.  Set the global assignment NUM_PARALLEL_PROCESSORS in your QSF to an appropriate value for best performance.
Info (20030): Parallel compilation is enabled and will use 2 of the 2 processors detected
Info (12021): Found 3 design units, including 1 entities, in source file top_level.vhd
    Info (12022): Found design unit 1: top_level-STR File: C:/Users/Koby/Desktop/School/Spring2020/DigitalDesign/Lab5/top_level.vhd Line: 42
    Info (12022): Found design unit 2: top_level_cfg File: C:/Users/Koby/Desktop/School/Spring2020/DigitalDesign/Lab5/top_level.vhd Line: 131
    Info (12023): Found entity 1: top_level File: C:/Users/Koby/Desktop/School/Spring2020/DigitalDesign/Lab5/top_level.vhd Line: 21
Info (12021): Found 2 design units, including 1 entities, in source file subtractor2.vhd
    Info (12022): Found design unit 1: subtractor2-BHV File: C:/Users/Koby/Desktop/School/Spring2020/DigitalDesign/Lab5/subtractor2.vhd Line: 14
    Info (12023): Found entity 1: subtractor2 File: C:/Users/Koby/Desktop/School/Spring2020/DigitalDesign/Lab5/subtractor2.vhd Line: 5
Info (12021): Found 2 design units, including 1 entities, in source file subtractor.vhd
    Info (12022): Found design unit 1: subtractor1-BHV File: C:/Users/Koby/Desktop/School/Spring2020/DigitalDesign/Lab5/subtractor.vhd Line: 14
    Info (12023): Found entity 1: subtractor1 File: C:/Users/Koby/Desktop/School/Spring2020/DigitalDesign/Lab5/subtractor.vhd Line: 5
Info (12021): Found 2 design units, including 1 entities, in source file reg.vhd
    Info (12022): Found design unit 1: reg-BHV File: C:/Users/Koby/Desktop/School/Spring2020/DigitalDesign/Lab5/reg.vhd Line: 16
    Info (12023): Found entity 1: reg File: C:/Users/Koby/Desktop/School/Spring2020/DigitalDesign/Lab5/reg.vhd Line: 4
Info (12021): Found 2 design units, including 1 entities, in source file mux2x1.vhd
    Info (12022): Found design unit 1: mux2x1-BHV File: C:/Users/Koby/Desktop/School/Spring2020/DigitalDesign/Lab5/mux2x1.vhd Line: 14
    Info (12023): Found entity 1: mux2x1 File: C:/Users/Koby/Desktop/School/Spring2020/DigitalDesign/Lab5/mux2x1.vhd Line: 4
Info (12021): Found 2 design units, including 1 entities, in source file gcd_tb.vhd
    Info (12022): Found design unit 1: gcd_tb-TB File: C:/Users/Koby/Desktop/School/Spring2020/DigitalDesign/Lab5/gcd_tb.vhd Line: 8
    Info (12023): Found entity 1: gcd_tb File: C:/Users/Koby/Desktop/School/Spring2020/DigitalDesign/Lab5/gcd_tb.vhd Line: 5
Info (12021): Found 5 design units, including 1 entities, in source file gcd.vhd
    Info (12022): Found design unit 1: gcd-FSMD File: C:/Users/Koby/Desktop/School/Spring2020/DigitalDesign/Lab5/gcd.vhd Line: 18
    Info (12022): Found design unit 2: gcd-FSM_D1 File: C:/Users/Koby/Desktop/School/Spring2020/DigitalDesign/Lab5/gcd.vhd Line: 116
    Info (12022): Found design unit 3: gcd-FSM_D2 File: C:/Users/Koby/Desktop/School/Spring2020/DigitalDesign/Lab5/gcd.vhd Line: 190
    Info (12022): Found design unit 4: gcd-FSMD2 File: C:/Users/Koby/Desktop/School/Spring2020/DigitalDesign/Lab5/gcd.vhd Line: 245
    Info (12023): Found entity 1: gcd File: C:/Users/Koby/Desktop/School/Spring2020/DigitalDesign/Lab5/gcd.vhd Line: 5
Info (12021): Found 2 design units, including 1 entities, in source file decoder7seg.vhd
    Info (12022): Found design unit 1: decoder7seg-BHV File: C:/Users/Koby/Desktop/School/Spring2020/DigitalDesign/Lab5/decoder7seg.vhd Line: 10
    Info (12023): Found entity 1: decoder7seg File: C:/Users/Koby/Desktop/School/Spring2020/DigitalDesign/Lab5/decoder7seg.vhd Line: 4
Info (12021): Found 2 design units, including 1 entities, in source file datapath2.vhd
    Info (12022): Found design unit 1: datapath2-STR File: C:/Users/Koby/Desktop/School/Spring2020/DigitalDesign/Lab5/datapath2.vhd Line: 26
    Info (12023): Found entity 1: datapath2 File: C:/Users/Koby/Desktop/School/Spring2020/DigitalDesign/Lab5/datapath2.vhd Line: 5
Info (12021): Found 2 design units, including 1 entities, in source file datapath1.vhd
    Info (12022): Found design unit 1: datapath1-STR File: C:/Users/Koby/Desktop/School/Spring2020/DigitalDesign/Lab5/datapath1.vhd Line: 26
    Info (12023): Found entity 1: datapath1 File: C:/Users/Koby/Desktop/School/Spring2020/DigitalDesign/Lab5/datapath1.vhd Line: 5
Info (12021): Found 2 design units, including 1 entities, in source file ctrl2.vhd
    Info (12022): Found design unit 1: ctrl2-BHV File: C:/Users/Koby/Desktop/School/Spring2020/DigitalDesign/Lab5/ctrl2.vhd Line: 23
    Info (12023): Found entity 1: ctrl2 File: C:/Users/Koby/Desktop/School/Spring2020/DigitalDesign/Lab5/ctrl2.vhd Line: 4
Info (12021): Found 2 design units, including 1 entities, in source file ctrl1.vhd
    Info (12022): Found design unit 1: ctrl1-BHV File: C:/Users/Koby/Desktop/School/Spring2020/DigitalDesign/Lab5/ctrl1.vhd Line: 23
    Info (12023): Found entity 1: ctrl1 File: C:/Users/Koby/Desktop/School/Spring2020/DigitalDesign/Lab5/ctrl1.vhd Line: 4
Info (12021): Found 2 design units, including 1 entities, in source file comparator.vhd
    Info (12022): Found design unit 1: comparator-BHV File: C:/Users/Koby/Desktop/School/Spring2020/DigitalDesign/Lab5/comparator.vhd Line: 15
    Info (12023): Found entity 1: comparator File: C:/Users/Koby/Desktop/School/Spring2020/DigitalDesign/Lab5/comparator.vhd Line: 5
Info (12127): Elaborating entity "top_level" for the top level hierarchy
Info (12128): Elaborating entity "decoder7seg" for hierarchy "decoder7seg:U_LED5" File: C:/Users/Koby/Desktop/School/Spring2020/DigitalDesign/Lab5/top_level.vhd Line: 73
Info (12129): Elaborating entity "gcd" using architecture "A:fsm_d2" for hierarchy "gcd:U_GCD" File: C:/Users/Koby/Desktop/School/Spring2020/DigitalDesign/Lab5/top_level.vhd Line: 105
Info (12128): Elaborating entity "datapath2" for hierarchy "gcd:U_GCD|datapath2:DATAPATH" File: C:/Users/Koby/Desktop/School/Spring2020/DigitalDesign/Lab5/gcd.vhd Line: 202
Info (12128): Elaborating entity "mux2x1" for hierarchy "gcd:U_GCD|datapath2:DATAPATH|mux2x1:X_MUX" File: C:/Users/Koby/Desktop/School/Spring2020/DigitalDesign/Lab5/datapath2.vhd Line: 43
Info (12128): Elaborating entity "reg" for hierarchy "gcd:U_GCD|datapath2:DATAPATH|reg:X_REG" File: C:/Users/Koby/Desktop/School/Spring2020/DigitalDesign/Lab5/datapath2.vhd Line: 63
Info (12128): Elaborating entity "subtractor2" for hierarchy "gcd:U_GCD|datapath2:DATAPATH|subtractor2:SUB" File: C:/Users/Koby/Desktop/School/Spring2020/DigitalDesign/Lab5/datapath2.vhd Line: 96
Info (12128): Elaborating entity "comparator" for hierarchy "gcd:U_GCD|datapath2:DATAPATH|comparator:COMP" File: C:/Users/Koby/Desktop/School/Spring2020/DigitalDesign/Lab5/datapath2.vhd Line: 105
Info (12128): Elaborating entity "ctrl2" for hierarchy "gcd:U_GCD|ctrl2:CONTROLLER" File: C:/Users/Koby/Desktop/School/Spring2020/DigitalDesign/Lab5/gcd.vhd Line: 223
Warning (10631): VHDL Process Statement warning at ctrl2.vhd(38): inferring latch(es) for signal or variable "x_en", which holds its previous value in one or more paths through the process File: C:/Users/Koby/Desktop/School/Spring2020/DigitalDesign/Lab5/ctrl2.vhd Line: 38
Warning (10631): VHDL Process Statement warning at ctrl2.vhd(38): inferring latch(es) for signal or variable "y_en", which holds its previous value in one or more paths through the process File: C:/Users/Koby/Desktop/School/Spring2020/DigitalDesign/Lab5/ctrl2.vhd Line: 38
Info (10041): Inferred latch for "y_en" at ctrl2.vhd(38) File: C:/Users/Koby/Desktop/School/Spring2020/DigitalDesign/Lab5/ctrl2.vhd Line: 38
Info (10041): Inferred latch for "x_en" at ctrl2.vhd(38) File: C:/Users/Koby/Desktop/School/Spring2020/DigitalDesign/Lab5/ctrl2.vhd Line: 38
Warning (13012): Latch gcd:U_GCD|ctrl2:CONTROLLER|x_en has unsafe behavior File: C:/Users/Koby/Desktop/School/Spring2020/DigitalDesign/Lab5/ctrl2.vhd Line: 16
    Warning (13013): Ports D and ENA on the latch are fed by the same signal gcd:U_GCD|ctrl2:CONTROLLER|state.INIT File: C:/Users/Koby/Desktop/School/Spring2020/DigitalDesign/Lab5/ctrl2.vhd Line: 25
Warning (13012): Latch gcd:U_GCD|ctrl2:CONTROLLER|y_en has unsafe behavior File: C:/Users/Koby/Desktop/School/Spring2020/DigitalDesign/Lab5/ctrl2.vhd Line: 17
    Warning (13013): Ports D and ENA on the latch are fed by the same signal gcd:U_GCD|ctrl2:CONTROLLER|state.INIT File: C:/Users/Koby/Desktop/School/Spring2020/DigitalDesign/Lab5/ctrl2.vhd Line: 25
Warning (13024): Output pins are stuck at VCC or GND
    Warning (13410): Pin "led0[0]" is stuck at GND File: C:/Users/Koby/Desktop/School/Spring2020/DigitalDesign/Lab5/top_level.vhd Line: 26
    Warning (13410): Pin "led0[1]" is stuck at GND File: C:/Users/Koby/Desktop/School/Spring2020/DigitalDesign/Lab5/top_level.vhd Line: 26
    Warning (13410): Pin "led0[2]" is stuck at GND File: C:/Users/Koby/Desktop/School/Spring2020/DigitalDesign/Lab5/top_level.vhd Line: 26
    Warning (13410): Pin "led0[3]" is stuck at GND File: C:/Users/Koby/Desktop/School/Spring2020/DigitalDesign/Lab5/top_level.vhd Line: 26
    Warning (13410): Pin "led0[4]" is stuck at GND File: C:/Users/Koby/Desktop/School/Spring2020/DigitalDesign/Lab5/top_level.vhd Line: 26
    Warning (13410): Pin "led0[5]" is stuck at GND File: C:/Users/Koby/Desktop/School/Spring2020/DigitalDesign/Lab5/top_level.vhd Line: 26
    Warning (13410): Pin "led0[6]" is stuck at VCC File: C:/Users/Koby/Desktop/School/Spring2020/DigitalDesign/Lab5/top_level.vhd Line: 26
    Warning (13410): Pin "led0_dp" is stuck at VCC File: C:/Users/Koby/Desktop/School/Spring2020/DigitalDesign/Lab5/top_level.vhd Line: 27
    Warning (13410): Pin "led1[0]" is stuck at GND File: C:/Users/Koby/Desktop/School/Spring2020/DigitalDesign/Lab5/top_level.vhd Line: 28
    Warning (13410): Pin "led1[1]" is stuck at GND File: C:/Users/Koby/Desktop/School/Spring2020/DigitalDesign/Lab5/top_level.vhd Line: 28
    Warning (13410): Pin "led1[2]" is stuck at GND File: C:/Users/Koby/Desktop/School/Spring2020/DigitalDesign/Lab5/top_level.vhd Line: 28
    Warning (13410): Pin "led1[3]" is stuck at GND File: C:/Users/Koby/Desktop/School/Spring2020/DigitalDesign/Lab5/top_level.vhd Line: 28
    Warning (13410): Pin "led1[4]" is stuck at GND File: C:/Users/Koby/Desktop/School/Spring2020/DigitalDesign/Lab5/top_level.vhd Line: 28
    Warning (13410): Pin "led1[5]" is stuck at GND File: C:/Users/Koby/Desktop/School/Spring2020/DigitalDesign/Lab5/top_level.vhd Line: 28
    Warning (13410): Pin "led1[6]" is stuck at VCC File: C:/Users/Koby/Desktop/School/Spring2020/DigitalDesign/Lab5/top_level.vhd Line: 28
    Warning (13410): Pin "led1_dp" is stuck at VCC File: C:/Users/Koby/Desktop/School/Spring2020/DigitalDesign/Lab5/top_level.vhd Line: 29
    Warning (13410): Pin "led2[0]" is stuck at GND File: C:/Users/Koby/Desktop/School/Spring2020/DigitalDesign/Lab5/top_level.vhd Line: 30
    Warning (13410): Pin "led2[1]" is stuck at GND File: C:/Users/Koby/Desktop/School/Spring2020/DigitalDesign/Lab5/top_level.vhd Line: 30
    Warning (13410): Pin "led2[2]" is stuck at GND File: C:/Users/Koby/Desktop/School/Spring2020/DigitalDesign/Lab5/top_level.vhd Line: 30
    Warning (13410): Pin "led2[3]" is stuck at GND File: C:/Users/Koby/Desktop/School/Spring2020/DigitalDesign/Lab5/top_level.vhd Line: 30
    Warning (13410): Pin "led2[4]" is stuck at GND File: C:/Users/Koby/Desktop/School/Spring2020/DigitalDesign/Lab5/top_level.vhd Line: 30
    Warning (13410): Pin "led2[5]" is stuck at GND File: C:/Users/Koby/Desktop/School/Spring2020/DigitalDesign/Lab5/top_level.vhd Line: 30
    Warning (13410): Pin "led2[6]" is stuck at VCC File: C:/Users/Koby/Desktop/School/Spring2020/DigitalDesign/Lab5/top_level.vhd Line: 30
    Warning (13410): Pin "led2_dp" is stuck at VCC File: C:/Users/Koby/Desktop/School/Spring2020/DigitalDesign/Lab5/top_level.vhd Line: 31
    Warning (13410): Pin "led3[0]" is stuck at GND File: C:/Users/Koby/Desktop/School/Spring2020/DigitalDesign/Lab5/top_level.vhd Line: 32
    Warning (13410): Pin "led3[1]" is stuck at GND File: C:/Users/Koby/Desktop/School/Spring2020/DigitalDesign/Lab5/top_level.vhd Line: 32
    Warning (13410): Pin "led3[2]" is stuck at GND File: C:/Users/Koby/Desktop/School/Spring2020/DigitalDesign/Lab5/top_level.vhd Line: 32
    Warning (13410): Pin "led3[3]" is stuck at GND File: C:/Users/Koby/Desktop/School/Spring2020/DigitalDesign/Lab5/top_level.vhd Line: 32
    Warning (13410): Pin "led3[4]" is stuck at GND File: C:/Users/Koby/Desktop/School/Spring2020/DigitalDesign/Lab5/top_level.vhd Line: 32
    Warning (13410): Pin "led3[5]" is stuck at GND File: C:/Users/Koby/Desktop/School/Spring2020/DigitalDesign/Lab5/top_level.vhd Line: 32
    Warning (13410): Pin "led3[6]" is stuck at VCC File: C:/Users/Koby/Desktop/School/Spring2020/DigitalDesign/Lab5/top_level.vhd Line: 32
    Warning (13410): Pin "led3_dp" is stuck at VCC File: C:/Users/Koby/Desktop/School/Spring2020/DigitalDesign/Lab5/top_level.vhd Line: 33
    Warning (13410): Pin "led4_dp" is stuck at VCC File: C:/Users/Koby/Desktop/School/Spring2020/DigitalDesign/Lab5/top_level.vhd Line: 35
Info (286030): Timing-Driven Synthesis is running
Info (16010): Generating hard_block partition "hard_block:auto_generated_inst"
    Info (16011): Adding 0 node(s), including 0 DDIO, 0 PLL, 0 transceiver and 0 LCELL
Info (21057): Implemented 155 device resources after synthesis - the final resource count might be different
    Info (21058): Implemented 13 input pins
    Info (21059): Implemented 48 output pins
    Info (21061): Implemented 94 logic cells
Info: Quartus Prime Analysis & Synthesis was successful. 0 errors, 41 warnings
    Info: Peak virtual memory: 4782 megabytes
    Info: Processing ended: Wed Feb 26 16:39:53 2020
    Info: Elapsed time: 00:00:29
    Info: Total CPU time (on all processors): 00:00:52


