Flow report for Lab3Ripple
Wed Feb 05 17:49:10 2020
Quartus Prime Version 18.1.0 Build 625 09/12/2018 SJ Lite Edition


---------------------
; Table of Contents ;
---------------------
  1. Legal Notice
  2. Flow Summary
  3. Flow Settings
  4. Flow Non-Default Global Settings
  5. Flow Elapsed Time
  6. Flow OS Summary
  7. Flow Log
  8. Flow Messages
  9. Flow Suppressed Messages



----------------
; Legal Notice ;
----------------
Copyright (C) 2018  Intel Corporation. All rights reserved.
Your use of Intel Corporation's design tools, logic functions 
and other software and tools, and its AMPP partner logic 
functions, and any output files from any of the foregoing 
(including device programming or simulation files), and any 
associated documentation or information are expressly subject 
to the terms and conditions of the Intel Program License 
Subscription Agreement, the Intel Quartus Prime License Agreement,
the Intel FPGA IP License Agreement, or other applicable license
agreement, including, without limitation, that your use is for
the sole purpose of programming logic devices manufactured by
Intel and sold by Intel or its authorized distributors.  Please
refer to the applicable agreement for further details.



+---------------------------------------------------------------------+
; Flow Summary                                                        ;
+-----------------------+---------------------------------------------+
; Flow Status           ; Successful - Wed Feb 05 17:49:10 2020       ;
; Quartus Prime Version ; 18.1.0 Build 625 09/12/2018 SJ Lite Edition ;
; Revision Name         ; Lab3Ripple                                  ;
; Top-level Entity Name ; adder_top                                   ;
; Family                ; MAX II                                      ;
; Device                ; EPM240F100C4                                ;
; Timing Models         ; Final                                       ;
; Total logic elements  ; 24 / 240 ( 10 % )                           ;
; Total pins            ; 26 / 80 ( 33 % )                            ;
; Total virtual pins    ; 0                                           ;
; UFM blocks            ; 0 / 1 ( 0 % )                               ;
+-----------------------+---------------------------------------------+


+-----------------------------------------+
; Flow Settings                           ;
+-------------------+---------------------+
; Option            ; Setting             ;
+-------------------+---------------------+
; Start date & time ; 02/05/2020 17:48:28 ;
; Main task         ; Compilation         ;
; Revision Name     ; Lab3Ripple          ;
+-------------------+---------------------+


+-----------------------------------------------------------------------------------------------------------------------+
; Flow Non-Default Global Settings                                                                                      ;
+---------------------------------------+--------------------------------+---------------+-------------+----------------+
; Assignment Name                       ; Value                          ; Default Value ; Entity Name ; Section Id     ;
+---------------------------------------+--------------------------------+---------------+-------------+----------------+
; COMPILER_SIGNATURE_ID                 ; 10995770589203.158094290715512 ; --            ; --          ; --             ;
; EDA_OUTPUT_DATA_FORMAT                ; Vhdl                           ; --            ; --          ; eda_simulation ;
; EDA_SIMULATION_TOOL                   ; ModelSim-Altera (VHDL)         ; <None>        ; --          ; --             ;
; EDA_TIME_SCALE                        ; 1 ps                           ; --            ; --          ; eda_simulation ;
; MAX_CORE_JUNCTION_TEMP                ; 85                             ; --            ; --          ; --             ;
; MIN_CORE_JUNCTION_TEMP                ; 0                              ; --            ; --          ; --             ;
; POWER_EXT_SUPPLY_VOLTAGE_TO_REGULATOR ; 3.3V                           ; --            ; --          ; --             ;
; PROJECT_OUTPUT_DIRECTORY              ; output_files                   ; --            ; --          ; --             ;
; TOP_LEVEL_ENTITY                      ; adder_top                      ; Lab3Ripple    ; --          ; --             ;
+---------------------------------------+--------------------------------+---------------+-------------+----------------+


+--------------------------------------------------------------------------------------------------------------------------+
; Flow Elapsed Time                                                                                                        ;
+----------------------+--------------+-------------------------+---------------------+------------------------------------+
; Module Name          ; Elapsed Time ; Average Processors Used ; Peak Virtual Memory ; Total CPU Time (on all processors) ;
+----------------------+--------------+-------------------------+---------------------+------------------------------------+
; Analysis & Synthesis ; 00:00:24     ; 1.0                     ; 4752 MB             ; 00:00:49                           ;
; Fitter               ; 00:00:04     ; 1.0                     ; 4978 MB             ; 00:00:04                           ;
; Assembler            ; 00:00:01     ; 1.0                     ; 4643 MB             ; 00:00:01                           ;
; Timing Analyzer      ; 00:00:04     ; 1.0                     ; 4637 MB             ; 00:00:03                           ;
; EDA Netlist Writer   ; 00:00:03     ; 1.0                     ; 4606 MB             ; 00:00:02                           ;
; Total                ; 00:00:36     ; --                      ; --                  ; 00:00:59                           ;
+----------------------+--------------+-------------------------+---------------------+------------------------------------+


+------------------------------------------------------------------------------------+
; Flow OS Summary                                                                    ;
+----------------------+------------------+------------+------------+----------------+
; Module Name          ; Machine Hostname ; OS Name    ; OS Version ; Processor type ;
+----------------------+------------------+------------+------------+----------------+
; Analysis & Synthesis ; DESKTOP-5462HHE  ; Windows 10 ; 10.0       ; x86_64         ;
; Fitter               ; DESKTOP-5462HHE  ; Windows 10 ; 10.0       ; x86_64         ;
; Assembler            ; DESKTOP-5462HHE  ; Windows 10 ; 10.0       ; x86_64         ;
; Timing Analyzer      ; DESKTOP-5462HHE  ; Windows 10 ; 10.0       ; x86_64         ;
; EDA Netlist Writer   ; DESKTOP-5462HHE  ; Windows 10 ; 10.0       ; x86_64         ;
+----------------------+------------------+------------+------------+----------------+


------------
; Flow Log ;
------------
quartus_map --read_settings_files=on --write_settings_files=off Lab3Ripple -c Lab3Ripple
quartus_fit --read_settings_files=off --write_settings_files=off Lab3Ripple -c Lab3Ripple
quartus_asm --read_settings_files=off --write_settings_files=off Lab3Ripple -c Lab3Ripple
quartus_sta Lab3Ripple -c Lab3Ripple
quartus_eda --read_settings_files=off --write_settings_files=off Lab3Ripple -c Lab3Ripple



